<?xml version="1.0" encoding="UTF-8"?>
<testsuite name="org.springframework.samples.petclinic.model.ValidatorTests" tests="1" skipped="0" failures="0" errors="0" timestamp="2025-04-10T21:12:21" hostname="codespaces-b96ddd" time="0.054">
  <properties/>
  <testcase name="shouldNotValidateWhenFirstNameEmpty()" classname="org.springframework.samples.petclinic.model.ValidatorTests" time="0.054"/>
  <system-out><![CDATA[]]></system-out>
  <system-err><![CDATA[]]></system-err>
</testsuite>
