<?xml version="1.0" encoding="UTF-8"?>
<testsuite name="org.springframework.samples.petclinic.owner.PetValidatorTests$ValidateHasErrors" tests="3" skipped="0" failures="0" errors="0" timestamp="2025-04-10T21:12:25" hostname="codespaces-b96ddd" time="0.011">
  <properties/>
  <testcase name="testValidateWithInvalidPetName()" classname="org.springframework.samples.petclinic.owner.PetValidatorTests$ValidateHasErrors" time="0.003"/>
  <testcase name="testValidateWithInvalidPetType()" classname="org.springframework.samples.petclinic.owner.PetValidatorTests$ValidateHasErrors" time="0.005"/>
  <testcase name="testValidateWithInvalidBirthDate()" classname="org.springframework.samples.petclinic.owner.PetValidatorTests$ValidateHasErrors" time="0.001"/>
  <system-out><![CDATA[]]></system-out>
  <system-err><![CDATA[]]></system-err>
</testsuite>
