<?xml version="1.0" encoding="UTF-8"?>
<testsuite name="org.springframework.samples.petclinic.owner.PetControllerTests$ProcessCreationFormHasErrors" tests="5" skipped="0" failures="0" errors="0" timestamp="2025-04-10T21:12:25" hostname="codespaces-b96ddd" time="0.184">
  <properties/>
  <testcase name="testProcessCreationFormWithBlankName()" classname="org.springframework.samples.petclinic.owner.PetControllerTests$ProcessCreationFormHasErrors" time="0.039"/>
  <testcase name="testInitUpdateForm()" classname="org.springframework.samples.petclinic.owner.PetControllerTests$ProcessCreationFormHasErrors" time="0.031"/>
  <testcase name="testProcessCreationFormWithMissingPetType()" classname="org.springframework.samples.petclinic.owner.PetControllerTests$ProcessCreationFormHasErrors" time="0.034"/>
  <testcase name="testProcessCreationFormWithDuplicateName()" classname="org.springframework.samples.petclinic.owner.PetControllerTests$ProcessCreationFormHasErrors" time="0.031"/>
  <testcase name="testProcessCreationFormWithInvalidBirthDate()" classname="org.springframework.samples.petclinic.owner.PetControllerTests$ProcessCreationFormHasErrors" time="0.03"/>
  <system-out><![CDATA[2025-04-10T21:12:25.184Z  INFO 34430 --- [    Test worker] t.c.s.AnnotationConfigContextLoaderUtils : Could not detect default configuration classes for test class [org.springframework.samples.petclinic.owner.PetControllerTests$ProcessCreationFormHasErrors]: ProcessCreationFormHasErrors does not declare any static, non-private, non-final, nested classes annotated with @Configuration.
2025-04-10T21:12:25.209Z  INFO 34430 --- [    Test worker] .b.t.c.SpringBootTestContextBootstrapper : Found @SpringBootConfiguration org.springframework.samples.petclinic.PetClinicApplication for test class org.springframework.samples.petclinic.owner.PetControllerTests$ProcessCreationFormHasErrors
]]></system-out>
  <system-err><![CDATA[]]></system-err>
</testsuite>
