<?xml version="1.0" encoding="UTF-8"?>
<testsuite name="org.springframework.samples.petclinic.system.CrashControllerTests" tests="1" skipped="0" failures="0" errors="0" timestamp="2025-04-10T21:12:29" hostname="codespaces-b96ddd" time="0.012">
  <properties/>
  <testcase name="testTriggerException()" classname="org.springframework.samples.petclinic.system.CrashControllerTests" time="0.012"/>
  <system-out><![CDATA[]]></system-out>
  <system-err><![CDATA[]]></system-err>
</testsuite>
