<?xml version="1.0" encoding="UTF-8"?>
<testsuite name="org.springframework.samples.petclinic.PetClinicIntegrationTests" tests="2" skipped="0" failures="0" errors="0" timestamp="2025-04-10T21:12:19" hostname="codespaces-b96ddd" time="1.841">
  <properties/>
  <testcase name="testFindAll()" classname="org.springframework.samples.petclinic.PetClinicIntegrationTests" time="0.751"/>
  <testcase name="testOwnerDetails()" classname="org.springframework.samples.petclinic.PetClinicIntegrationTests" time="1.087"/>
  <system-out><![CDATA[21:12:09.056 [Test worker] INFO org.springframework.test.context.support.AnnotationConfigContextLoaderUtils -- Could not detect default configuration classes for test class [org.springframework.samples.petclinic.PetClinicIntegrationTests]: PetClinicIntegrationTests does not declare any static, non-private, non-final, nested classes annotated with @Configuration.
21:12:09.403 [Test worker] INFO org.springframework.boot.test.context.SpringBootTestContextBootstrapper -- Found @SpringBootConfiguration org.springframework.samples.petclinic.PetClinicApplication for test class org.springframework.samples.petclinic.PetClinicIntegrationTests


              |\      _,,,--,,_
             /,`.-'`'   ._  \-;;,_
  _______ __|,4-  ) )_   .;.(__`'-'__     ___ __    _ ___ _______
 |       | '---''(_/._)-'(_\_)   |   |   |   |  |  | |   |       |
 |    _  |    ___|_     _|       |   |   |   |   |_| |   |       | __ _ _
 |   |_| |   |___  |   | |       |   |   |   |       |   |       | \ \ \ \
 |    ___|    ___| |   | |      _|   |___|   |  _    |   |      _|  \ \ \ \
 |   |   |   |___  |   | |     |_|       |   | | |   |   |     |_    ) ) ) )
 |___|   |_______| |___| |_______|_______|___|_|  |__|___|_______|  / / / /
 ==================================================================/_/_/_/

:: Built with Spring Boot :: 3.4.2


2025-04-10T21:12:10.069Z  INFO 34430 --- [    Test worker] o.s.s.p.PetClinicIntegrationTests        : Starting PetClinicIntegrationTests using Java 17.0.14 with PID 34430 (started by root in /workspaces/pet-clinic-sandbox)
2025-04-10T21:12:10.072Z  INFO 34430 --- [    Test worker] o.s.s.p.PetClinicIntegrationTests        : No active profile set, falling back to 1 default profile: "default"
2025-04-10T21:12:11.912Z  INFO 34430 --- [    Test worker] .s.d.r.c.RepositoryConfigurationDelegate : Bootstrapping Spring Data JPA repositories in DEFAULT mode.
2025-04-10T21:12:12.088Z  INFO 34430 --- [    Test worker] .s.d.r.c.RepositoryConfigurationDelegate : Finished Spring Data repository scanning in 162 ms. Found 2 JPA repository interfaces.
2025-04-10T21:12:13.325Z  INFO 34430 --- [    Test worker] o.s.b.w.embedded.tomcat.TomcatWebServer  : Tomcat initialized with port 0 (http)
2025-04-10T21:12:13.342Z  INFO 34430 --- [    Test worker] o.apache.catalina.core.StandardService   : Starting service [Tomcat]
2025-04-10T21:12:13.344Z  INFO 34430 --- [    Test worker] o.apache.catalina.core.StandardEngine    : Starting Servlet engine: [Apache Tomcat/10.1.34]
2025-04-10T21:12:13.415Z  INFO 34430 --- [    Test worker] o.a.c.c.C.[Tomcat].[localhost].[/]       : Initializing Spring embedded WebApplicationContext
2025-04-10T21:12:13.419Z  INFO 34430 --- [    Test worker] w.s.c.ServletWebServerApplicationContext : Root WebApplicationContext: initialization completed in 3289 ms
2025-04-10T21:12:13.821Z  INFO 34430 --- [    Test worker] com.zaxxer.hikari.HikariDataSource       : HikariPool-1 - Starting...
2025-04-10T21:12:14.122Z  INFO 34430 --- [    Test worker] com.zaxxer.hikari.pool.HikariPool        : HikariPool-1 - Added connection conn0: url=jdbc:h2:mem:793d59a7-7494-4f96-bc45-17f4fbed5126 user=SA
2025-04-10T21:12:14.125Z  INFO 34430 --- [    Test worker] com.zaxxer.hikari.HikariDataSource       : HikariPool-1 - Start completed.
2025-04-10T21:12:14.389Z  INFO 34430 --- [    Test worker] o.hibernate.jpa.internal.util.LogHelper  : HHH000204: Processing PersistenceUnitInfo [name: default]
2025-04-10T21:12:14.452Z  INFO 34430 --- [    Test worker] org.hibernate.Version                    : HHH000412: Hibernate ORM core version 6.6.5.Final
2025-04-10T21:12:14.492Z  INFO 34430 --- [    Test worker] o.h.c.internal.RegionFactoryInitiator    : HHH000026: Second-level cache disabled
2025-04-10T21:12:14.907Z  INFO 34430 --- [    Test worker] o.s.o.j.p.SpringPersistenceUnitInfo      : No LoadTimeWeaver setup: ignoring JPA class transformer
2025-04-10T21:12:15.030Z  INFO 34430 --- [    Test worker] org.hibernate.orm.connections.pooling    : HHH10001005: Database info:
	Database JDBC URL [Connecting through datasource 'HikariDataSource (HikariPool-1)']
	Database driver: undefined/unknown
	Database version: 2.3.232
	Autocommit mode: undefined/unknown
	Isolation level: undefined/unknown
	Minimum pool size: undefined/unknown
	Maximum pool size: undefined/unknown
2025-04-10T21:12:16.437Z  INFO 34430 --- [    Test worker] o.h.e.t.j.p.i.JtaPlatformInitiator       : HHH000489: No JTA platform available (set 'hibernate.transaction.jta.platform' to enable JTA platform integration)
2025-04-10T21:12:16.442Z  INFO 34430 --- [    Test worker] j.LocalContainerEntityManagerFactoryBean : Initialized JPA EntityManagerFactory for persistence unit 'default'
2025-04-10T21:12:16.859Z  INFO 34430 --- [    Test worker] o.s.d.j.r.query.QueryEnhancerFactory     : Hibernate is in classpath; If applicable, HQL parser will be used.
2025-04-10T21:12:18.980Z  INFO 34430 --- [    Test worker] o.s.b.a.e.web.EndpointLinksResolver      : Exposing 14 endpoints beneath base path '/actuator'
2025-04-10T21:12:19.544Z  INFO 34430 --- [    Test worker] o.s.b.w.embedded.tomcat.TomcatWebServer  : Tomcat started on port 38851 (http) with context path '/'
2025-04-10T21:12:19.583Z  INFO 34430 --- [    Test worker] o.s.s.p.PetClinicIntegrationTests        : Started PetClinicIntegrationTests in 10.021 seconds (process running for 14.444)
2025-04-10T21:12:20.620Z  INFO 34430 --- [o-auto-1-exec-1] o.a.c.c.C.[Tomcat].[localhost].[/]       : Initializing Spring DispatcherServlet 'dispatcherServlet'
2025-04-10T21:12:20.621Z  INFO 34430 --- [o-auto-1-exec-1] o.s.web.servlet.DispatcherServlet        : Initializing Servlet 'dispatcherServlet'
2025-04-10T21:12:20.623Z  INFO 34430 --- [o-auto-1-exec-1] o.s.web.servlet.DispatcherServlet        : Completed initialization in 2 ms
]]></system-out>
  <system-err><![CDATA[]]></system-err>
</testsuite>
