<?xml version="1.0" encoding="UTF-8"?>
<testsuite name="org.springframework.samples.petclinic.owner.PetValidatorTests" tests="1" skipped="0" failures="0" errors="0" timestamp="2025-04-10T21:12:25" hostname="codespaces-b96ddd" time="0.006">
  <properties/>
  <testcase name="testValidate()" classname="org.springframework.samples.petclinic.owner.PetValidatorTests" time="0.006"/>
  <system-out><![CDATA[]]></system-out>
  <system-err><![CDATA[]]></system-err>
</testsuite>
